#
# A fatal error has been detected by the Java Runtime Environment:
#
#  SIGSEGV (0xb) at pc=0xb6c86bf1, pid=2636, tid=2270468976
#
# JRE version: 6.0_20-b02
# Java VM: Java HotSpot(TM) Server VM (16.3-b01 mixed mode linux-x86 )
# Problematic frame:
# V  [libjvm.so+0x137bf1]
#
# If you would like to submit a bug report, please visit:
#   http://java.sun.com/webapps/bugreport/crash.jsp
#

---------------  T H R E A D  ---------------

Current thread (0x09280c00):  VMThread [stack: 0x874c9000,0x8754a000] [id=2649]

siginfo:si_signo=SIGSEGV: si_errno=0, si_code=1 (SEGV_MAPERR), si_addr=0x00000064

Registers:
EAX=0x00000008, EBX=0x00000000, ECX=0x00000000, EDX=0x00000001
ESP=0x87548b64, EBP=0x87548b68, ESI=0x931ce108, EDI=0x00000000
EIP=0xb6c86bf1, CR2=0x00000064, EFLAGS=0x00010202

Top of Stack: (sp=0x87548b64)
0x87548b64:   93224c08 87548ba8 b6eb2621 00000000
0x87548b74:   93224c08 00000003 00000003 b72b1440
0x87548b84:   a88b6718 00000000 931ce10c a7aec598
0x87548b94:   a7aec588 00000003 931ce100 9318c4ac
0x87548ba4:   00000005 87548bd8 b709d24d a7aec3e0
0x87548bb4:   931ce100 00000005 00000005 a7ae89a8
0x87548bc4:   9318c4ec 00000003 a888c3a0 a79974b0
0x87548bd4:   b72b1524 87548bf8 b7059614 a7aecd40 

Instructions: (pc=0xb6c86bf1)
0xb6c86be1:   74 2c 8b 45 0c ba 01 00 00 00 8b 40 04 83 c0 08
0xb6c86bf1:   8b 40 5c 83 e0 07 83 f8 05 74 13 31 d2 49 75 09 

Stack: [0x874c9000,0x8754a000],  sp=0x87548b64,  free space=1fe875484f0k
Native frames: (J=compiled Java code, j=interpreted, Vv=VM code, C=native code)
V  [libjvm.so+0x137bf1]
V  [libjvm.so+0x363621]
V  [libjvm.so+0x54e24d]
V  [libjvm.so+0x50a614]
V  [libjvm.so+0x50ada8]
V  [libjvm.so+0x665a8c]
V  [libjvm.so+0x5c528d]
V  [libjvm.so+0x32b5f7]
V  [libjvm.so+0x32d70d]
V  [libjvm.so+0x337af8]
V  [libjvm.so+0x32af53]
V  [libjvm.so+0x32c168]
V  [libjvm.so+0x68dc4b]
V  [libjvm.so+0x69b7e6]
V  [libjvm.so+0x69ac93]
V  [libjvm.so+0x69af0f]
V  [libjvm.so+0x69a9f0]
V  [libjvm.so+0x55f24e]
C  [libpthread.so.0+0x6585]

VM_Operation (0xb6b18e50): GenCollectForPermanentAllocation, mode: safepoint, requested by thread 0x09239400


---------------  P R O C E S S  ---------------

Java Threads: ( => current thread )
  0x0986ac00 JavaThread "http-8082-1" daemon [_thread_blocked, id=4258, stack(0x841c9000,0x8421a000)]
  0x86496400 JavaThread "Thread-235" daemon [_thread_blocked, id=3512, stack(0x8430d000,0x8435e000)]
  0x86495c00 JavaThread "http-8082-Acceptor-0" daemon [_thread_blocked, id=3511, stack(0x8435e000,0x843af000)]
  0x09519800 JavaThread "http-8082-1" daemon [_thread_blocked, id=3472, stack(0x869d3000,0x86a24000)]
  0x86757c00 JavaThread "Thread-180" daemon [_thread_blocked, id=3413, stack(0x86aaf000,0x86b00000)]
  0x8671dc00 JavaThread "http-8082-Acceptor-0" daemon [_thread_blocked, id=3412, stack(0x86e26000,0x86e77000)]
  0x09610400 JavaThread "http-8082-1" daemon [_thread_blocked, id=3401, stack(0x85faf000,0x86000000)]
  0x84ee0000 JavaThread "Thread-127" daemon [_thread_blocked, id=3224, stack(0x845af000,0x84600000)]
  0x8674dc00 JavaThread "http-8082-Acceptor-0" daemon [_thread_blocked, id=3223, stack(0x85c5e000,0x85caf000)]
  0x09b3c000 JavaThread "http-8082-3" daemon [_thread_blocked, id=2754, stack(0x85c0d000,0x85c5e000)]
  0x095b9800 JavaThread "Thread-14" daemon [_thread_blocked, id=2740, stack(0x85f0d000,0x85f5e000)]
  0x0998bc00 JavaThread "http-8082-Acceptor-0" daemon [_thread_blocked, id=2739, stack(0x85f5e000,0x85faf000)]
  0x87102400 JavaThread "Low Memory Detector" daemon [_thread_blocked, id=2655, stack(0x8702e000,0x8707f000)]
  0x87100800 JavaThread "CompilerThread1" daemon [_thread_blocked, id=2654, stack(0x8707f000,0x87100000)]
  0x0929a800 JavaThread "CompilerThread0" daemon [_thread_blocked, id=2653, stack(0x87210000,0x87291000)]
  0x09298c00 JavaThread "Signal Dispatcher" daemon [_thread_blocked, id=2652, stack(0x87291000,0x872e2000)]
  0x09285000 JavaThread "Finalizer" daemon [_thread_blocked, id=2651, stack(0x87427000,0x87478000)]
  0x09283800 JavaThread "Reference Handler" daemon [_thread_blocked, id=2650, stack(0x87478000,0x874c9000)]
  0x09239400 JavaThread "main" [_thread_blocked, id=2648, stack(0xb6ad8000,0xb6b29000)]

Other Threads:
=>0x09280c00 VMThread [stack: 0x874c9000,0x8754a000] [id=2649]
  0x87104c00 WatcherThread [stack: 0x86fad000,0x8702e000] [id=2656]

VM state:at safepoint (normal execution)

VM Mutex/Monitor currently owned by a thread:  ([mutex/lock_event])
[0x092372e0] Threads_lock - owner thread: 0x09280c00
[0x092376f0] Heap_lock - owner thread: 0x09239400

Heap
 def new generation   total 81024K, used 47522K [0x87980000, 0x8d160000, 0x92420000)
  eden space 72064K,  58% used [0x87980000, 0x8a2adec0, 0x8bfe0000)
  from space 8960K,  59% used [0x8c8a0000, 0x8cddaa90, 0x8d160000)
  to   space 8960K,   0% used [0x8bfe0000, 0x8bfe0000, 0x8c8a0000)
 tenured generation   total 179956K, used 139263K [0x92420000, 0x9d3dd000, 0xa7980000)
   the space 179956K,  77% used [0x92420000, 0x9ac1fd48, 0x9ac1fe00, 0x9d3dd000)
 compacting perm gen  total 60416K, used 60415K [0xa7980000, 0xab480000, 0xb3980000)
   the space 60416K,  99% used [0xa7980000, 0xab47ffc0, 0xab480000, 0xab480000)
No shared spaces configured.

Dynamic libraries:
08048000-08052000 r-xp 00000000 08:01 1763858    /usr/lib/jvm/java-6-sun-1.6.0.20/jre/bin/java
08052000-08053000 rwxp 00009000 08:01 1763858    /usr/lib/jvm/java-6-sun-1.6.0.20/jre/bin/java
09233000-0ac6b000 rwxp 00000000 00:00 0          [heap]
84000000-8404c000 rwxp 00000000 00:00 0 
8404c000-84100000 ---p 00000000 00:00 0 
841c9000-841cc000 ---p 00000000 00:00 0 
841cc000-8421a000 rwxp 00000000 00:00 0 
8421a000-8421d000 ---p 00000000 00:00 0 
8421d000-8426b000 rwxp 00000000 00:00 0 
8426b000-8426e000 ---p 00000000 00:00 0 
8426e000-842bc000 rwxp 00000000 00:00 0 
842bc000-842bf000 ---p 00000000 00:00 0 
842bf000-8430d000 rwxp 00000000 00:00 0 
8430d000-84310000 ---p 00000000 00:00 0 
84310000-8435e000 rwxp 00000000 00:00 0 
8435e000-84361000 ---p 00000000 00:00 0 
84361000-843af000 rwxp 00000000 00:00 0 
843af000-843b2000 ---p 00000000 00:00 0 
843b2000-84400000 rwxp 00000000 00:00 0 
84400000-844ff000 rwxp 00000000 00:00 0 
844ff000-84500000 ---p 00000000 00:00 0 
8450d000-84510000 ---p 00000000 00:00 0 
84510000-8455e000 rwxp 00000000 00:00 0 
8455e000-84561000 ---p 00000000 00:00 0 
84561000-845af000 rwxp 00000000 00:00 0 
845af000-845b2000 ---p 00000000 00:00 0 
845b2000-84600000 rwxp 00000000 00:00 0 
84600000-846eb000 rwxp 00000000 00:00 0 
846eb000-84700000 ---p 00000000 00:00 0 
84700000-847fe000 rwxp 00000000 00:00 0 
847fe000-84800000 ---p 00000000 00:00 0 
84800000-848e2000 rwxp 00000000 00:00 0 
848e2000-84900000 ---p 00000000 00:00 0 
84900000-849fe000 rwxp 00000000 00:00 0 
849fe000-84a00000 ---p 00000000 00:00 0 
84a00000-84aff000 rwxp 00000000 00:00 0 
84aff000-84b00000 ---p 00000000 00:00 0 
84b00000-84bdd000 rwxp 00000000 00:00 0 
84bdd000-84c00000 ---p 00000000 00:00 0 
84c00000-84cdb000 rwxp 00000000 00:00 0 
84cdb000-84d00000 ---p 00000000 00:00 0 
84d00000-84dfd000 rwxp 00000000 00:00 0 
84dfd000-84e00000 ---p 00000000 00:00 0 
84e00000-84ee8000 rwxp 00000000 00:00 0 
84ee8000-84f00000 ---p 00000000 00:00 0 
84f00000-84ffc000 rwxp 00000000 00:00 0 
84ffc000-85000000 ---p 00000000 00:00 0 
85000000-850e5000 rwxp 00000000 00:00 0 
850e5000-85100000 ---p 00000000 00:00 0 
85100000-851de000 rwxp 00000000 00:00 0 
851de000-85200000 ---p 00000000 00:00 0 
85200000-852ff000 rwxp 00000000 00:00 0 
852ff000-85300000 ---p 00000000 00:00 0 
85300000-853fe000 rwxp 00000000 00:00 0 
853fe000-85400000 ---p 00000000 00:00 0 
85400000-854fd000 rwxp 00000000 00:00 0 
854fd000-85500000 ---p 00000000 00:00 0 
85500000-855ef000 rwxp 00000000 00:00 0 
855ef000-85600000 ---p 00000000 00:00 0 
85600000-856fc000 rwxp 00000000 00:00 0 
856fc000-85700000 ---p 00000000 00:00 0 
85700000-857eb000 rwxp 00000000 00:00 0 
857eb000-85800000 ---p 00000000 00:00 0 
85800000-859f3000 rwxp 00000000 00:00 0 
859f3000-85a00000 ---p 00000000 00:00 0 
85a00000-85aff000 rwxp 00000000 00:00 0 
85aff000-85b00000 ---p 00000000 00:00 0 
85b00000-85b90000 rwxp 00000000 00:00 0 
85b90000-85c00000 ---p 00000000 00:00 0 
85c0d000-85c10000 ---p 00000000 00:00 0 
85c10000-85c5e000 rwxp 00000000 00:00 0 
85c5e000-85c61000 ---p 00000000 00:00 0 
85c61000-85caf000 rwxp 00000000 00:00 0 
85caf000-85cb2000 ---p 00000000 00:00 0 
85cb2000-85d00000 rwxp 00000000 00:00 0 
85d00000-85ef5000 rwxp 00000000 00:00 0 
85ef5000-85f00000 ---p 00000000 00:00 0 
85f0d000-85f10000 ---p 00000000 00:00 0 
85f10000-85f5e000 rwxp 00000000 00:00 0 
85f5e000-85f61000 ---p 00000000 00:00 0 
85f61000-85faf000 rwxp 00000000 00:00 0 
85faf000-85fb2000 ---p 00000000 00:00 0 
85fb2000-86000000 rwxp 00000000 00:00 0 
86000000-860c2000 rwxp 00000000 00:00 0 
860c2000-86100000 ---p 00000000 00:00 0 
86100000-861f9000 rwxp 00000000 00:00 0 
861f9000-86200000 ---p 00000000 00:00 0 
86200000-862f2000 rwxp 00000000 00:00 0 
862f2000-86300000 ---p 00000000 00:00 0 
86300000-863fc000 rwxp 00000000 00:00 0 
863fc000-86400000 ---p 00000000 00:00 0 
86400000-86500000 rwxp 00000000 00:00 0 
86500000-865fa000 rwxp 00000000 00:00 0 
865fa000-86600000 ---p 00000000 00:00 0 
8663e000-8664d000 r-xs 00676000 08:01 1640212    /usr/lib/jvm/java-6-sun-1.6.0.20/jre/lib/charsets.jar
8664d000-8665c000 r-xs 00676000 08:01 1640212    /usr/lib/jvm/java-6-sun-1.6.0.20/jre/lib/charsets.jar
8665c000-86661000 r-xs 00040000 08:01 590717     /home/makyo/.grails/1.3.2/projects/openfurry/plugins/acegi-0.5.3/lib/commons-httpclient-3.0.1.jar
86661000-86665000 r-xs 0003c000 08:01 590722     /home/makyo/.grails/1.3.2/projects/openfurry/plugins/acegi-0.5.3/lib/openid4java-0.9.2.jar
86665000-8666c000 r-xs 0003f000 08:01 590712     /home/makyo/.grails/1.3.2/projects/openfurry/plugins/acegi-0.5.3/lib/xmlsec-1.3.0.jar
8666c000-8666e000 r-xs 00001000 08:01 590719     /home/makyo/.grails/1.3.2/projects/openfurry/plugins/acegi-0.5.3/lib/spring-security-core-tiger-2.0.4.jar
8666e000-86670000 r-xs 00000000 08:01 590678     /home/makyo/.grails/1.3.2/projects/openfurry/plugins/acegi-0.5.3/lib/aopalliance-1.0.jar
86670000-86672000 r-xs 00009000 08:01 590658     /home/makyo/.grails/1.3.2/projects/openfurry/plugins/acegi-0.5.3/lib/json-20070829.jar
86672000-86673000 r-xs 00003000 08:01 590686     /home/makyo/.grails/1.3.2/projects/openfurry/plugins/acegi-0.5.3/lib/spring-security-ntlm-2.0.4.jar
86673000-86674000 r-xs 0000d000 08:01 590629     /home/makyo/.grails/1.3.2/projects/openfurry/plugins/acegi-0.5.3/lib/openxri-syntax.jar
86674000-86676000 r-xs 0001f000 08:01 590588     /home/makyo/.grails/1.3.2/projects/openfurry/plugins/acegi-0.5.3/lib/facebook-java-api-2.0.4.jar
86676000-86678000 r-xs 0000a000 08:01 590725     /home/makyo/.grails/1.3.2/projects/openfurry/plugins/acegi-0.5.3/lib/commons-codec-1.3.jar
86678000-86679000 r-xs 00003000 08:01 590638     /home/makyo/.grails/1.3.2/projects/openfurry/plugins/acegi-0.5.3/lib/spring-security-cas-client-2.0.4.jar
86679000-8667b000 r-xs 00035000 08:01 590694     /home/makyo/.grails/1.3.2/projects/openfurry/plugins/acegi-0.5.3/lib/openxri-client.jar
8667b000-8668c000 r-xs 000ac000 08:01 590625     /home/makyo/.grails/1.3.2/projects/openfurry/plugins/acegi-0.5.3/lib/spring-security-core-2.0.4.jar
8668c000-86692000 r-xs 00058000 08:01 590668     /home/makyo/.grails/1.3.2/projects/openfurry/plugins/acegi-0.5.3/lib/jcifs-1.2.25.jar
86692000-86694000 r-xs 00003000 08:01 590724     /home/makyo/.grails/1.3.2/projects/openfurry/plugins/acegi-0.5.3/lib/spring-security-openid-2.0.4.jar
86694000-86695000 r-xs 00000000 08:01 590673     /home/makyo/.grails/1.3.2/projects/openfurry/plugins/acegi-0.5.3/lib/spring-ldap-tiger-1.2.1.jar
86695000-86696000 r-xs 0000b000 08:01 590762     /home/makyo/.grails/1.3.2/projects/openfurry/plugins/tomcat-1.3.2/lib/catalina-ant.jar
86696000-866b1000 r-xs 001d5000 08:01 590750     /home/makyo/.grails/1.3.2/projects/openfurry/plugins/tomcat-1.3.2/lib/tomcat-core.jar
866b1000-866bc000 r-xs 0009e000 08:01 590748     /home/makyo/.grails/1.3.2/projects/openfurry/plugins/tomcat-1.3.2/lib/tomcat-jasper.jar
866bc000-866c8000 r-xs 00149000 08:01 590752     /home/makyo/.grails/1.3.2/projects/openfurry/plugins/tomcat-1.3.2/lib/jasper-jdt.jar
866c8000-866c9000 r-xs 00005000 08:01 590736     /home/makyo/.grails/1.3.2/projects/openfurry/plugins/tomcat-1.3.2/lib/tomcat-juli-adapters.jar
866c9000-866cd000 r-xs 0002d000 08:01 590737     /home/makyo/.grails/1.3.2/projects/openfurry/plugins/tomcat-1.3.2/lib/tomcat-dbcp.jar
866cd000-866cf000 r-xs 0000d000 08:01 590734     /home/makyo/.grails/1.3.2/projects/openfurry/plugins/tomcat-1.3.2/lib/tomcat-juli.jar
866cf000-866d0000 r-xs 00000000 08:01 590760     /home/makyo/.grails/1.3.2/projects/openfurry/plugins/tomcat-1.3.2/lib/grails-tomcat-plugin-1.0.jar
866d0000-866d7000 r-xs 00065000 08:01 575074     /home/makyo/.ivy2/cache/org.grails/grails-test/jars/grails-test-1.3.2.jar
866d7000-866dd000 r-xs 00034000 08:01 575072     /home/makyo/.ivy2/cache/junit/junit/jars/junit-4.8.1.jar
866dd000-866de000 r-xs 00001000 08:01 575329     /home/makyo/.ivy2/cache/org.hibernate/hibernate-ehcache/jars/hibernate-ehcache-3.3.1.GA.jar
866de000-866e3000 r-xs 00048000 08:01 575327     /home/makyo/.ivy2/cache/dom4j/dom4j/jars/dom4j-1.6.1.jar
866e3000-866e9000 r-xs 00067000 08:01 575325     /home/makyo/.ivy2/cache/antlr/antlr/jars/antlr-2.7.6.jar
866e9000-866f1000 r-xs 0008e000 08:01 575323     /home/makyo/.ivy2/cache/javassist/javassist/jars/javassist-3.11.0.GA.jar
866f1000-866f3000 r-xs 00005000 08:01 575070     /home/makyo/.ivy2/cache/xpp3/xpp3_min/jars/xpp3_min-1.1.3.4.O.jar
866f3000-866fc000 r-xs 00058000 08:01 575068     /home/makyo/.ivy2/cache/apache-taglibs/standard/jars/standard-1.1.2.jar
866fc000-866fe000 r-xs 00000000 08:01 575066     /home/makyo/.ivy2/cache/org.slf4j/jul-to-slf4j/jars/jul-to-slf4j-1.5.8.jar
866fe000-86700000 r-xs 00003000 08:01 575064     /home/makyo/.ivy2/cache/org.slf4j/jcl-over-slf4j/jars/jcl-over-slf4j-1.5.8.jar
86700000-867fd000 rwxp 00000000 00:00 0 
867fd000-86800000 ---p 00000000 00:00 0 
8680c000-86813000 r-xs 00111000 08:01 1640117    /usr/lib/jvm/java-6-sun-1.6.0.20/jre/lib/resources.jar
86813000-86819000 r-xp 00000000 08:01 1640142    /usr/lib/jvm/java-6-sun-1.6.0.20/jre/lib/i386/libmanagement.so
86819000-8681a000 rwxp 00005000 08:01 1640142    /usr/lib/jvm/java-6-sun-1.6.0.20/jre/lib/i386/libmanagement.so
8681a000-8681d000 r-xs 0000b000 08:01 590699     /home/makyo/.grails/1.3.2/projects/openfurry/plugins/acegi-0.5.3/lib/cas-client-core-3.1.1.jar
8681d000-86820000 r-xs 0000f000 08:01 590648     /home/makyo/.grails/1.3.2/projects/openfurry/plugins/acegi-0.5.3/lib/easymock.jar
86820000-86826000 r-xs 00041000 08:01 590640     /home/makyo/.grails/1.3.2/projects/openfurry/plugins/acegi-0.5.3/lib/htmlparser-1.6.jar
86826000-8682b000 r-xs 00018000 08:01 590651     /home/makyo/.grails/1.3.2/projects/openfurry/plugins/acegi-0.5.3/lib/aspectjrt-1.5.4.jar
8682b000-86830000 r-xs 00032000 08:01 590642     /home/makyo/.grails/1.3.2/projects/openfurry/plugins/acegi-0.5.3/lib/ant-contrib-1.0b3.jar
86830000-86836000 r-xs 0002a000 08:01 590587     /home/makyo/.grails/1.3.2/projects/openfurry/plugins/acegi-0.5.3/lib/spring-ldap-1.2.1.jar
86836000-8683d000 r-xs 00059000 08:01 575062     /home/makyo/.ivy2/cache/log4j/log4j/jars/log4j-1.2.15.jar
8683d000-86843000 r-xs 0003d000 08:01 575060     /home/makyo/.ivy2/cache/net.sf.ehcache/ehcache-core/jars/ehcache-core-1.7.1.jar
86843000-8684c000 r-xs 000a4000 08:01 575058     /home/makyo/.ivy2/cache/hsqldb/hsqldb/jars/hsqldb-1.8.0.10.jar
8684c000-8684f000 r-xs 00015000 08:01 575056     /home/makyo/.ivy2/cache/commons-pool/commons-pool/jars/commons-pool-1.5.3.jar
8684f000-86851000 r-xs 0001c000 08:01 575054     /home/makyo/.ivy2/cache/commons-dbcp/commons-dbcp/jars/commons-dbcp-1.2.2.jar
86851000-86853000 r-xs 00004000 08:01 575052     /home/makyo/.ivy2/cache/javax.servlet/jstl/jars/jstl-1.1.2.jar
86853000-86855000 r-xs 0000e000 08:01 575050     /home/makyo/.ivy2/cache/oro/oro/jars/oro-2.0.8.jar
86855000-86858000 r-xs 0000c000 08:01 575048     /home/makyo/.ivy2/cache/commons-fileupload/commons-fileupload/jars/commons-fileupload-1.2.1.jar
86858000-8685f000 r-xs 00049000 08:01 575046     /home/makyo/.ivy2/cache/cglib/cglib-nodep/jars/cglib-nodep-2.1_3.jar
8685f000-86864000 r-xs 00018000 08:01 575044     /home/makyo/.ivy2/cache/org.aspectj/aspectjrt/jars/aspectjrt-1.6.8.jar
86864000-8687a000 r-xs 00178000 08:01 575042     /home/makyo/.ivy2/cache/org.aspectj/aspectjweaver/jars/aspectjweaver-1.6.8.jar
8687a000-8687f000 r-xs 00040000 08:01 575321     /home/makyo/.ivy2/cache/org.hibernate/hibernate-annotations/jars/hibernate-annotations-3.4.0.GA.jar
8687f000-86882000 r-xs 0000e000 08:01 575319     /home/makyo/.ivy2/cache/org.hibernate/hibernate-commons-annotations/jars/hibernate-commons-annotations-3.1.0.GA.jar
86882000-868ae000 r-xs 00278000 08:01 575317     /home/makyo/.ivy2/cache/org.hibernate/hibernate-core/jars/hibernate-core-3.3.1.GA.jar
868ae000-868b6000 r-xs 0005b000 08:01 575040     /home/makyo/.ivy2/cache/org.springframework/org.springframework.web.servlet/jars/org.springframework.web.servlet-3.0.3.RELEASE.jar
868b6000-868bf000 r-xs 00056000 08:01 575038     /home/makyo/.ivy2/cache/org.springframework/org.springframework.web/jars/org.springframework.web-3.0.3.RELEASE.jar
868bf000-868c6000 r-xs 00032000 08:01 575036     /home/makyo/.ivy2/cache/org.springframework/org.springframework.transaction/jars/org.springframework.transaction-3.0.3.RELEASE.jar
868c6000-868c8000 r-xs 0000d000 08:01 575034     /home/makyo/.ivy2/cache/org.springframework/org.springframework.oxm/jars/org.springframework.oxm-3.0.3.RELEASE.jar
868c8000-868d0000 r-xs 0004a000 08:01 575032     /home/makyo/.ivy2/cache/org.springframework/org.springframework.orm/jars/org.springframework.orm-3.0.3.RELEASE.jar
868d0000-868d5000 r-xs 00029000 08:01 575030     /home/makyo/.ivy2/cache/org.springframework/org.springframework.jms/jars/org.springframework.jms-3.0.3.RELEASE.jar
868d5000-868de000 r-xs 00054000 08:01 575028     /home/makyo/.ivy2/cache/org.springframework/org.springframework.jdbc/jars/org.springframework.jdbc-3.0.3.RELEASE.jar
868de000-868df000 r-xs 00000000 08:01 575026     /home/makyo/.ivy2/cache/org.springframework/org.springframework.instrument/jars/org.springframework.instrument-3.0.3.RELEASE.jar
868df000-868e3000 r-xs 00024000 08:01 575024     /home/makyo/.ivy2/cache/org.springframework/org.springframework.expression/jars/org.springframework.expression-3.0.3.RELEASE.jar
868e3000-868f4000 r-xs 00091000 08:01 575020     /home/makyo/.ivy2/cache/org.springframework/org.springframework.context/jars/org.springframework.context-3.0.3.RELEASE.jar
868f4000-86900000 r-xs 0007c000 08:01 575018     /home/makyo/.ivy2/cache/org.springframework/org.springframework.beans/jars/org.springframework.beans-3.0.3.RELEASE.jar
86900000-86902000 r-xs 00006000 08:01 575014     /home/makyo/.ivy2/cache/org.springframework/org.springframework.aspects/jars/org.springframework.aspects-3.0.3.RELEASE.jar
86902000-8690b000 r-xs 00046000 08:01 575012     /home/makyo/.ivy2/cache/org.springframework/org.springframework.aop/jars/org.springframework.aop-3.0.3.RELEASE.jar
8690b000-86914000 r-xs 00051000 08:01 575010     /home/makyo/.ivy2/cache/org.springframework/org.springframework.core/jars/org.springframework.core-3.0.3.RELEASE.jar
86914000-86916000 r-xs 0000d000 08:01 575008     /home/makyo/.ivy2/cache/org.grails/grails-spring/jars/grails-spring-1.3.2.jar
86916000-86920000 r-xs 00082000 08:01 575006     /home/makyo/.ivy2/cache/org.grails/grails-gorm/jars/grails-gorm-1.3.2.jar
86920000-86922000 r-xs 0000c000 08:01 575004     /home/makyo/.ivy2/cache/org.grails/grails-crud/jars/grails-crud-1.3.2.jar
86922000-86928000 r-xs 00027000 08:01 575002     /home/makyo/.ivy2/cache/opensymphony/sitemesh/jars/sitemesh-2.4.jar
86928000-8692b000 r-xs 0000a000 08:01 575000     /home/makyo/.ivy2/cache/org.hibernate/ejb3-persistence/jars/ejb3-persistence-1.0.2.GA.jar
8692b000-8692d000 r-xs 00002000 08:01 574998     /home/makyo/.ivy2/cache/javax.transaction/jta/jars/jta-1.1.jar
8692d000-86931000 r-xs 0003c000 08:01 574996     /home/makyo/.ivy2/cache/commons-lang/commons-lang/jars/commons-lang-2.4.jar
86931000-86982000 r-xs 004c8000 08:01 574980     /home/makyo/.ivy2/cache/org.codehaus.groovy/groovy-all/jars/groovy-all-1.7.3.jar
86982000-86985000 ---p 00000000 00:00 0 
86985000-869d3000 rwxp 00000000 00:00 0 
869d3000-869d6000 ---p 00000000 00:00 0 
869d6000-86a24000 rwxp 00000000 00:00 0 
86a24000-86a27000 r-xs 00016000 08:01 575022     /home/makyo/.ivy2/cache/org.springframework/org.springframework.context.support/jars/org.springframework.context.support-3.0.3.RELEASE.jar
86a27000-86a2a000 r-xs 00018000 08:01 574994     /home/makyo/.ivy2/cache/commons-io/commons-io/jars/commons-io-1.4.jar
86a2a000-86a38000 r-xs 0007f000 08:01 574992     /home/makyo/.ivy2/cache/commons-collections/commons-collections/jars/commons-collections-3.2.1.jar
86a38000-86a3a000 r-xs 0000a000 08:01 574990     /home/makyo/.ivy2/cache/commons-codec/commons-codec/jars/commons-codec-1.3.jar
86a3a000-86a3c000 r-xs 00000000 08:01 574988     /home/makyo/.ivy2/cache/aopalliance/aopalliance/jars/aopalliance-1.0.jar
86a3c000-86a3f000 r-xs 0001f000 08:01 574986     /home/makyo/.ivy2/cache/commons-validator/commons-validator/jars/commons-validator-1.3.1.jar
86a3f000-86a42000 r-xs 00019000 08:01 574984     /home/makyo/.ivy2/cache/commons-el/commons-el/jars/commons-el-1.0.jar
86a42000-86a47000 r-xs 00034000 08:01 574982     /home/makyo/.ivy2/cache/commons-beanutils/commons-beanutils/jars/commons-beanutils-1.8.0.jar
86a47000-86a4a000 r-xs 00016000 08:01 574809     /home/makyo/.ivy2/cache/javax.servlet/jsp-api/jars/jsp-api-2.1.jar
86a4a000-86a4d000 r-xs 0001e000 08:01 574807     /home/makyo/.ivy2/cache/javax.servlet/servlet-api/jars/servlet-api-2.5.jar
86a4d000-86a53000 r-xs 00059000 08:01 509061     /home/makyo/openfurry/lib/mail-1.4.jar
86a53000-86a55000 r-xs 0000e000 08:01 509060     /home/makyo/openfurry/lib/activation-1.1.jar
86a55000-86a5b000 r-xs 0002d000 08:01 574795     /home/makyo/.ivy2/cache/org.springframework/org.springframework.test/jars/org.springframework.test-3.0.3.RELEASE.jar
86a5b000-86a75000 r-xs 00190000 08:01 574789     /home/makyo/.ivy2/cache/org.grails/grails-web/jars/grails-web-1.3.2.jar
86a75000-86a77000 r-xs 00031000 08:01 574787     /home/makyo/.ivy2/cache/org.grails/grails-resources/jars/grails-resources-1.3.2.jar
86a77000-86a85000 r-xs 000bf000 08:01 574785     /home/makyo/.ivy2/cache/org.grails/grails-core/jars/grails-core-1.3.2.jar
86a85000-86a91000 r-xs 00112000 08:01 574783     /home/makyo/.ivy2/cache/org.grails/grails-scripts/jars/grails-scripts-1.3.2.jar
86a91000-86a96000 r-xs 0003f000 08:01 574781     /home/makyo/.ivy2/cache/org.grails/grails-bootstrap/jars/grails-bootstrap-1.3.2.jar
86a96000-86a98000 r-xs 00032000 08:01 574779     /home/makyo/.ivy2/cache/org.grails/grails-docs/jars/grails-docs-1.3.2.jar
86a98000-86a9b000 r-xs 00041000 08:01 574777     /home/makyo/.ivy2/cache/xalan/serializer/jars/serializer-2.7.1.jar
86a9b000-86aaf000 r-xs 0012f000 08:01 574763     /home/makyo/.ivy2/cache/org.apache.ant/ant/jars/ant-1.7.1.jar
86aaf000-86ab2000 ---p 00000000 00:00 0 
86ab2000-86b00000 rwxp 00000000 00:00 0 
86b00000-86bfa000 rwxp 00000000 00:00 0 
86bfa000-86c00000 ---p 00000000 00:00 0 
86c00000-86d00000 rwxp 00000000 00:00 0 
86d00000-86dfb000 rwxp 00000000 00:00 0 
86dfb000-86e00000 ---p 00000000 00:00 0 
86e01000-86e09000 r-xs 00062000 08:01 574769     /home/makyo/.ivy2/cache/org.apache.ant/ant-nodeps/jars/ant-nodeps-1.7.1.jar
86e09000-86e1f000 r-xs 001b3000 08:01 574761     /home/makyo/.ivy2/cache/org.tmatesoft.svnkit/svnkit/jars/svnkit-1.3.1.jar
86e1f000-86e26000 r-xs 0005a000 08:01 574759     /home/makyo/.ivy2/cache/org.codehaus.gpars/gpars/jars/gpars-0.9.jar
86e26000-86e29000 ---p 00000000 00:00 0 
86e29000-86e77000 rwxp 00000000 00:00 0 
86e77000-86e7a000 ---p 00000000 00:00 0 
86e7a000-86ec8000 rwxp 00000000 00:00 0 
86ec8000-86edb000 r-xp 00000000 08:01 1640136    /usr/lib/jvm/java-6-sun-1.6.0.20/jre/lib/i386/libnet.so
86edb000-86edc000 rwxp 00013000 08:01 1640136    /usr/lib/jvm/java-6-sun-1.6.0.20/jre/lib/i386/libnet.so
86edc000-86ede000 r-xs 00001000 08:01 1763885    /usr/lib/jvm/java-6-sun-1.6.0.20/jre/lib/ext/dnsns.jar
86ede000-86ee4000 r-xs 00092000 08:01 1640214    /usr/lib/jvm/java-6-sun-1.6.0.20/jre/lib/jsse.jar
86ee4000-86f43000 r-xs 00ba5000 08:01 1639381    /usr/lib/jvm/java-6-sun-1.6.0.20/lib/tools.jar
86f43000-86f57000 r-xs 0012f000 08:01 509298     /home/makyo/grails-1.3.2/lib/ant-1.7.1.jar
86f57000-86f5c000 r-xs 00049000 08:01 509323     /home/makyo/grails-1.3.2/lib/gant_groovy1.7-1.9.2.jar
86f5c000-86fad000 r-xs 004c8000 08:01 509325     /home/makyo/grails-1.3.2/lib/groovy-all-1.7.3.jar
86fad000-86fae000 ---p 00000000 00:00 0 
86fae000-8702e000 rwxp 00000000 00:00 0 
8702e000-87031000 ---p 00000000 00:00 0 
87031000-8707f000 rwxp 00000000 00:00 0 
8707f000-87082000 ---p 00000000 00:00 0 
87082000-87100000 rwxp 00000000 00:00 0 
87100000-871ff000 rwxp 00000000 00:00 0 
871ff000-87200000 ---p 00000000 00:00 0 
87200000-87201000 r-xp 00000000 00:00 0 
87201000-87210000 r-xs 000d0000 08:01 509333     /home/makyo/grails-1.3.2/lib/ivy-2.1.0.jar
87210000-87213000 ---p 00000000 00:00 0 
87213000-87291000 rwxp 00000000 00:00 0 
87291000-87294000 ---p 00000000 00:00 0 
87294000-872e2000 rwxp 00000000 00:00 0 
872e2000-87427000 r-xp 00000000 08:01 966661     /usr/lib/locale/locale-archive
87427000-8742a000 ---p 00000000 00:00 0 
8742a000-87478000 rwxp 00000000 00:00 0 
87478000-8747b000 ---p 00000000 00:00 0 
8747b000-874c9000 rwxp 00000000 00:00 0 
874c9000-874ca000 ---p 00000000 00:00 0 
874ca000-8757d000 rwxp 00000000 00:00 0          [threadstack:0007f494]
8757d000-87713000 r-xs 02fd0000 08:01 1640129    /usr/lib/jvm/java-6-sun-1.6.0.20/jre/lib/rt.jar
87713000-87731000 rwxp 00000000 00:00 0 
87731000-87774000 rwxp 00000000 00:00 0 
87774000-877cc000 rwxp 00000000 00:00 0 
877cc000-8781f000 rwxp 00000000 00:00 0 
8781f000-8784b000 rwxp 00000000 00:00 0 
8784b000-87874000 rwxp 00000000 00:00 0 
87874000-878cd000 rwxp 00000000 00:00 0 
878cd000-8791f000 rwxp 00000000 00:00 0 
8791f000-8793d000 rwxp 00000000 00:00 0 
8793d000-8797f000 rwxp 00000000 00:00 0 
8797f000-8d160000 rwxp 00000000 00:00 0 
8d160000-92420000 rwxp 00000000 00:00 0 
92420000-9d3dd000 rwxp 00000000 00:00 0 
9d3dd000-a7980000 rwxp 00000000 00:00 0 
a7980000-ab480000 rwxp 00000000 00:00 0 
ab480000-b3980000 rwxp 00000000 00:00 0 
b3980000-b3981000 r-xs 0000c000 08:01 575016     /home/makyo/.ivy2/cache/org.springframework/org.springframework.asm/jars/org.springframework.asm-3.0.3.RELEASE.jar
b3981000-b3982000 r-xs 00002000 08:01 574793     /home/makyo/.ivy2/cache/org.slf4j/slf4j-log4j12/jars/slf4j-log4j12-1.5.8.jar
b3982000-b3984000 r-xs 00008000 08:01 574775     /home/makyo/.ivy2/cache/org.fusesource.jansi/jansi/jars/jansi-1.2.1.jar
b3984000-b398b000 r-xs 0005a000 08:01 509324     /home/makyo/grails-1.3.2/lib/gpars-0.9.jar
b398b000-b39a8000 rwxp 00000000 00:00 0 
b39a8000-b3a4b000 rwxp 00000000 00:00 0 
b3a4b000-b4153000 rwxp 00000000 00:00 0 
b4153000-b6a4b000 rwxp 00000000 00:00 0 
b6a4b000-b6a5a000 r-xp 00000000 08:01 1640146    /usr/lib/jvm/java-6-sun-1.6.0.20/jre/lib/i386/libzip.so
b6a5a000-b6a5c000 rwxp 0000e000 08:01 1640146    /usr/lib/jvm/java-6-sun-1.6.0.20/jre/lib/i386/libzip.so
b6a5c000-b6a66000 r-xp 00000000 08:01 1303895    /lib/i686/cmov/libnss_files-2.10.2.so
b6a66000-b6a67000 r-xp 00009000 08:01 1303895    /lib/i686/cmov/libnss_files-2.10.2.so
b6a67000-b6a68000 rwxp 0000a000 08:01 1303895    /lib/i686/cmov/libnss_files-2.10.2.so
b6a68000-b6a71000 r-xp 00000000 08:01 1303890    /lib/i686/cmov/libnss_nis-2.10.2.so
b6a71000-b6a72000 r-xp 00008000 08:01 1303890    /lib/i686/cmov/libnss_nis-2.10.2.so
b6a72000-b6a73000 rwxp 00009000 08:01 1303890    /lib/i686/cmov/libnss_nis-2.10.2.so
b6a73000-b6a74000 r-xs 00005000 08:01 574791     /home/makyo/.ivy2/cache/org.slf4j/slf4j-api/jars/slf4j-api-1.5.8.jar
b6a74000-b6a76000 r-xs 00015000 08:01 574767     /home/makyo/.ivy2/cache/org.apache.ant/ant-junit/jars/ant-junit-1.7.1.jar
b6a76000-b6a7b000 r-xs 0003f000 08:01 574676     /home/makyo/grails-1.3.2/dist/grails-bootstrap-1.3.2.jar
b6a7b000-b6a83000 rwxs 00000000 08:01 2023455    /tmp/hsperfdata_makyo/2636
b6a83000-b6a96000 r-xp 00000000 08:01 1306994    /lib/i686/cmov/libnsl-2.10.2.so
b6a96000-b6a97000 r-xp 00012000 08:01 1306994    /lib/i686/cmov/libnsl-2.10.2.so
b6a97000-b6a98000 rwxp 00013000 08:01 1306994    /lib/i686/cmov/libnsl-2.10.2.so
b6a98000-b6a9a000 rwxp 00000000 00:00 0 
b6a9a000-b6a9b000 r-xs 0000e000 08:01 574773     /home/makyo/.ivy2/cache/jline/jline/jars/jline-0.9.91.jar
b6a9b000-b6aa1000 r-xp 00000000 08:01 1303911    /lib/i686/cmov/libnss_compat-2.10.2.so
b6aa1000-b6aa2000 r-xp 00006000 08:01 1303911    /lib/i686/cmov/libnss_compat-2.10.2.so
b6aa2000-b6aa3000 rwxp 00007000 08:01 1303911    /lib/i686/cmov/libnss_compat-2.10.2.so
b6aa3000-b6aa9000 r-xp 00000000 08:01 1763832    /usr/lib/jvm/java-6-sun-1.6.0.20/jre/lib/i386/native_threads/libhpi.so
b6aa9000-b6aaa000 rwxp 00006000 08:01 1763832    /usr/lib/jvm/java-6-sun-1.6.0.20/jre/lib/i386/native_threads/libhpi.so
b6aaa000-b6acd000 r-xp 00000000 08:01 1640158    /usr/lib/jvm/java-6-sun-1.6.0.20/jre/lib/i386/libjava.so
b6acd000-b6acf000 rwxp 00023000 08:01 1640158    /usr/lib/jvm/java-6-sun-1.6.0.20/jre/lib/i386/libjava.so
b6acf000-b6ad6000 r-xp 00000000 08:01 1303891    /lib/i686/cmov/librt-2.10.2.so
b6ad6000-b6ad7000 r-xp 00006000 08:01 1303891    /lib/i686/cmov/librt-2.10.2.so
b6ad7000-b6ad8000 rwxp 00007000 08:01 1303891    /lib/i686/cmov/librt-2.10.2.so
b6ad8000-b6adb000 ---p 00000000 00:00 0 
b6adb000-b6b29000 rwxp 00000000 00:00 0 
b6b29000-b6b4d000 r-xp 00000000 08:01 1303924    /lib/i686/cmov/libm-2.10.2.so
b6b4d000-b6b4e000 r-xp 00023000 08:01 1303924    /lib/i686/cmov/libm-2.10.2.so
b6b4e000-b6b4f000 rwxp 00024000 08:01 1303924    /lib/i686/cmov/libm-2.10.2.so
b6b4f000-b725b000 r-xp 00000000 08:01 1763836    /usr/lib/jvm/java-6-sun-1.6.0.20/jre/lib/i386/server/libjvm.so
b725b000-b72ac000 rwxp 0070b000 08:01 1763836    /usr/lib/jvm/java-6-sun-1.6.0.20/jre/lib/i386/server/libjvm.so
b72ac000-b76cb000 rwxp 00000000 00:00 0 
b76cb000-b780c000 r-xp 00000000 08:01 1303918    /lib/i686/cmov/libc-2.10.2.so
b780c000-b780e000 r-xp 00141000 08:01 1303918    /lib/i686/cmov/libc-2.10.2.so
b780e000-b780f000 rwxp 00143000 08:01 1303918    /lib/i686/cmov/libc-2.10.2.so
b780f000-b7812000 rwxp 00000000 00:00 0 
b7812000-b7814000 r-xp 00000000 08:01 1306989    /lib/i686/cmov/libdl-2.10.2.so
b7814000-b7815000 r-xp 00001000 08:01 1306989    /lib/i686/cmov/libdl-2.10.2.so
b7815000-b7816000 rwxp 00002000 08:01 1306989    /lib/i686/cmov/libdl-2.10.2.so
b7816000-b781d000 r-xp 00000000 08:01 1763843    /usr/lib/jvm/java-6-sun-1.6.0.20/jre/lib/i386/jli/libjli.so
b781d000-b781f000 rwxp 00006000 08:01 1763843    /usr/lib/jvm/java-6-sun-1.6.0.20/jre/lib/i386/jli/libjli.so
b781f000-b7820000 rwxp 00000000 00:00 0 
b7820000-b7835000 r-xp 00000000 08:01 1303916    /lib/i686/cmov/libpthread-2.10.2.so
b7835000-b7836000 r-xp 00014000 08:01 1303916    /lib/i686/cmov/libpthread-2.10.2.so
b7836000-b7837000 rwxp 00015000 08:01 1303916    /lib/i686/cmov/libpthread-2.10.2.so
b7837000-b7839000 rwxp 00000000 00:00 0 
b7839000-b783a000 r-xs 00001000 08:01 574771     /home/makyo/.ivy2/cache/org.apache.ant/ant-trax/jars/ant-trax-1.7.1.jar
b783a000-b783b000 r-xs 00002000 08:01 574765     /home/makyo/.ivy2/cache/org.apache.ant/ant-launcher/jars/ant-launcher-1.7.1.jar
b783b000-b783c000 rwxp 00000000 00:00 0 
b783c000-b783d000 ---p 00000000 00:00 0 
b783d000-b7848000 r-xp 00000000 08:01 1640135    /usr/lib/jvm/java-6-sun-1.6.0.20/jre/lib/i386/libverify.so
b7848000-b7849000 rwxp 0000b000 08:01 1640135    /usr/lib/jvm/java-6-sun-1.6.0.20/jre/lib/i386/libverify.so
b7849000-b784b000 rwxp 00000000 00:00 0 
b784b000-b784c000 r-xp 00000000 00:00 0          [vdso]
b784c000-b7868000 r-xp 00000000 08:01 1295872    /lib/ld-2.10.2.so
b7868000-b7869000 r-xp 0001b000 08:01 1295872    /lib/ld-2.10.2.so
b7869000-b786a000 rwxp 0001c000 08:01 1295872    /lib/ld-2.10.2.so
bfc30000-bfc45000 rwxp 00000000 00:00 0          [stack]

VM Arguments:
jvm_args: -Xmx512M -XX:MaxPermSize=192m -Dfile.encoding=UTF-8 -Dgrails.home=/home/makyo/grails-1.3.2 -Dtools.jar=/usr/lib/jvm/java-6-sun-1.6.0.20/lib/tools.jar 
java_command: org.codehaus.groovy.grails.cli.support.GrailsStarter --main org.codehaus.groovy.grails.cli.GrailsScriptRunner --conf /home/makyo/grails-1.3.2/conf/groovy-starter.conf --classpath  -Dserver.port=8082 run-app
Launcher Type: SUN_STANDARD

Environment Variables:
JAVA_HOME=/usr/lib/jvm/java-6-sun-1.6.0.20
PATH=/usr/local/bin:/usr/bin:/bin:/usr/games:/home/makyo/scala/bin:/home/makyo/grails-1.3.2/bin
USERNAME=makyo
LD_LIBRARY_PATH=/usr/lib/jvm/java-6-sun-1.6.0.20/jre/lib/i386/server:/usr/lib/jvm/java-6-sun-1.6.0.20/jre/lib/i386:/usr/lib/jvm/java-6-sun-1.6.0.20/jre/../lib/i386
SHELL=/bin/bash
DISPLAY=:0.0

Signal Handlers:
SIGSEGV: [libjvm.so+0x68d5c0], sa_mask[0]=0x7ffbfeff, sa_flags=0x10000004
SIGBUS: [libjvm.so+0x68d5c0], sa_mask[0]=0x7ffbfeff, sa_flags=0x10000004
SIGFPE: [libjvm.so+0x55cb30], sa_mask[0]=0x7ffbfeff, sa_flags=0x10000004
SIGPIPE: [libjvm.so+0x55cb30], sa_mask[0]=0x7ffbfeff, sa_flags=0x10000004
SIGXFSZ: [libjvm.so+0x55cb30], sa_mask[0]=0x7ffbfeff, sa_flags=0x10000004
SIGILL: [libjvm.so+0x55cb30], sa_mask[0]=0x7ffbfeff, sa_flags=0x10000004
SIGUSR1: SIG_DFL, sa_mask[0]=0x00000000, sa_flags=0x00000000
SIGUSR2: [libjvm.so+0x55f770], sa_mask[0]=0x00000000, sa_flags=0x10000004
SIGHUP: [libjvm.so+0x55f4a0], sa_mask[0]=0x7ffbfeff, sa_flags=0x10000004
SIGINT: [libjvm.so+0x55f4a0], sa_mask[0]=0x7ffbfeff, sa_flags=0x10000004
SIGTERM: [libjvm.so+0x55f4a0], sa_mask[0]=0x7ffbfeff, sa_flags=0x10000004
SIGQUIT: [libjvm.so+0x55f4a0], sa_mask[0]=0x7ffbfeff, sa_flags=0x10000004


---------------  S Y S T E M  ---------------

OS:squeeze/sid

uname:Linux 2.6.32-3-686 #1 SMP Thu Feb 25 06:14:20 UTC 2010 i686
libc:glibc 2.10.2 NPTL 2.10.2 
rlimit: STACK 8192k, CORE 0k, NPROC infinity, NOFILE 1024, AS infinity
load average:1.11 0.77 0.47

CPU:total 2 (2 cores per cpu, 1 threads per core) family 6 model 14 stepping 8, cmov, cx8, fxsr, mmx, sse, sse2, sse3

Memory: 4k page, physical 1024932k(242416k free), swap 1646620k(1642240k free)

vm_info: Java HotSpot(TM) Server VM (16.3-b01) for linux-x86 JRE (1.6.0_20-b02), built on Apr 12 2010 13:58:11 by "java_re" with gcc 3.2.1-7a (J2SE release)

time: Thu Jul  8 21:21:36 2010
elapsed time: 3550 seconds

